127.0.0.1 - - [30/Jan/2015 16:33:05] "POST /swift.png HTTP/1.1" 200 -
web server on 8000..
Host: 127.0.0.1:8000
Content-Type: application/x-www-form-urlencoded
User-Agent: NSURLSessionUpload/1 CFNetwork/711.1.12 Darwin/14.1.0
Accept: */*
Accept-Language: en-us
Content-Length: 2849623
Accept-Encoding: gzip, deflate
Connection: keep-alive

2849623
<!--: spam
Content-Type: text/html

<body bgcolor="#f0f0f8"><font color="#f0f0f8" size="-5"> -->
<body bgcolor="#f0f0f8"><font color="#f0f0f8" size="-5"> --> -->
</font> </font> </font> </script> </object> </blockquote> </pre>
</table> </table> </table> </table> </table> </font> </font> </font><body bgcolor="#f0f0f8">
<table width="100%" cellspacing=0 cellpadding=2 border=0 summary="heading">
<tr bgcolor="#6622aa">
<td valign=bottom>&nbsp;<br>
<font color="#ffffff" face="helvetica, arial">&nbsp;<br><big><big><strong>&lt;type 'exceptions.KeyboardInterrupt'&gt;</strong></big></big></font></td
><td align=right valign=bottom
><font color="#ffffff" face="helvetica, arial">Python 2.7.6: /usr/bin/python<br>Fri Jan 30 16:33:11 2015</font></td></tr></table>
    
<p>A problem occurred in a Python script.  Here is the sequence of
function calls leading up to the error, in the order they occurred.</p>
<table width="100%" cellspacing=0 cellpadding=0 border=0>
<tr><td bgcolor="#d8bbff"><big>&nbsp;</big><a href="file:///Users/yashwanthbabu/Desktop/URLSessionUpload/SimpleHTTPServerWithUpload.py">/Users/yashwanthbabu/Desktop/URLSessionUpload/SimpleHTTPServerWithUpload.py</a> in <strong><module></strong>()</td></tr>
<tr><td><font color="#909090"><tt>&nbsp;&nbsp;<small>&nbsp;&nbsp;&nbsp;25</small>&nbsp;<br>
</tt></font></td></tr>
<tr><td><font color="#909090"><tt>&nbsp;&nbsp;<small>&nbsp;&nbsp;&nbsp;26</small>&nbsp;if&nbsp;__name__&nbsp;==&nbsp;'__main__':<br>
</tt></font></td></tr>
<tr><td><font color="#909090"><tt>&nbsp;&nbsp;<small>&nbsp;&nbsp;&nbsp;27</small>&nbsp;&nbsp;&nbsp;&nbsp;&nbsp;server&nbsp;=&nbsp;BaseHTTPServer.HTTPServer(("127.0.0.1",&nbsp;8000),&nbsp;Handler)<br>
</tt></font></td></tr>
<tr><td><font color="#909090"><tt>&nbsp;&nbsp;<small>&nbsp;&nbsp;&nbsp;28</small>&nbsp;&nbsp;&nbsp;&nbsp;&nbsp;print('web&nbsp;server&nbsp;on&nbsp;8000..')<br>
</tt></font></td></tr>
<tr><td bgcolor="#ffccee"><tt>=&gt;<small>&nbsp;&nbsp;&nbsp;29</small>&nbsp;&nbsp;&nbsp;&nbsp;&nbsp;server.serve_forever()<br>
</tt></td></tr>
<tr><td><small><font color="#909090"><strong>server</strong>&nbsp;= &lt;BaseHTTPServer.HTTPServer instance&gt;, server.<strong>serve_forever</strong>&nbsp;= &lt;bound method HTTPServer.serve_forever of &lt;BaseHTTPServer.HTTPServer instance&gt;&gt;</font></small></td></tr></table>
<table width="100%" cellspacing=0 cellpadding=0 border=0>
<tr><td bgcolor="#d8bbff"><big>&nbsp;</big><a href="file:///System/Library/Frameworks/Python.framework/Versions/2.7/lib/python2.7/SocketServer.py">/System/Library/Frameworks/Python.framework/Versions/2.7/lib/python2.7/SocketServer.py</a> in <strong>serve_forever</strong>(self=&lt;BaseHTTPServer.HTTPServer instance&gt;, poll_interval=0.5)</td></tr>
<tr><td><font color="#909090"><tt>&nbsp;&nbsp;<small>&nbsp;&nbsp;234</small>&nbsp;&nbsp;&nbsp;&nbsp;&nbsp;&nbsp;&nbsp;&nbsp;&nbsp;&nbsp;&nbsp;&nbsp;&nbsp;&nbsp;&nbsp;&nbsp;&nbsp;#&nbsp;shutdown&nbsp;request&nbsp;and&nbsp;wastes&nbsp;cpu&nbsp;at&nbsp;all&nbsp;other&nbsp;times.<br>
</tt></font></td></tr>
<tr><td><font color="#909090"><tt>&nbsp;&nbsp;<small>&nbsp;&nbsp;235</small>&nbsp;&nbsp;&nbsp;&nbsp;&nbsp;&nbsp;&nbsp;&nbsp;&nbsp;&nbsp;&nbsp;&nbsp;&nbsp;&nbsp;&nbsp;&nbsp;&nbsp;r,&nbsp;w,&nbsp;e&nbsp;=&nbsp;_eintr_retry(select.select,&nbsp;[self],&nbsp;[],&nbsp;[],<br>
</tt></font></td></tr>
<tr><td bgcolor="#ffccee"><tt>=&gt;<small>&nbsp;&nbsp;236</small>&nbsp;&nbsp;&nbsp;&nbsp;&nbsp;&nbsp;&nbsp;&nbsp;&nbsp;&nbsp;&nbsp;&nbsp;&nbsp;&nbsp;&nbsp;&nbsp;&nbsp;&nbsp;&nbsp;&nbsp;&nbsp;&nbsp;&nbsp;&nbsp;&nbsp;&nbsp;&nbsp;&nbsp;&nbsp;&nbsp;&nbsp;&nbsp;&nbsp;&nbsp;&nbsp;&nbsp;&nbsp;&nbsp;&nbsp;&nbsp;poll_interval)<br>
</tt></td></tr>
<tr><td><font color="#909090"><tt>&nbsp;&nbsp;<small>&nbsp;&nbsp;237</small>&nbsp;&nbsp;&nbsp;&nbsp;&nbsp;&nbsp;&nbsp;&nbsp;&nbsp;&nbsp;&nbsp;&nbsp;&nbsp;&nbsp;&nbsp;&nbsp;&nbsp;if&nbsp;self&nbsp;in&nbsp;r:<br>
</tt></font></td></tr>
<tr><td><font color="#909090"><tt>&nbsp;&nbsp;<small>&nbsp;&nbsp;238</small>&nbsp;&nbsp;&nbsp;&nbsp;&nbsp;&nbsp;&nbsp;&nbsp;&nbsp;&nbsp;&nbsp;&nbsp;&nbsp;&nbsp;&nbsp;&nbsp;&nbsp;&nbsp;&nbsp;&nbsp;&nbsp;self._handle_request_noblock()<br>
</tt></font></td></tr>
<tr><td><small><font color="#909090"><strong>poll_interval</strong>&nbsp;= 0.5</font></small></td></tr></table>
<table width="100%" cellspacing=0 cellpadding=0 border=0>
<tr><td bgcolor="#d8bbff"><big>&nbsp;</big><a href="file:///System/Library/Frameworks/Python.framework/Versions/2.7/lib/python2.7/SocketServer.py">/System/Library/Frameworks/Python.framework/Versions/2.7/lib/python2.7/SocketServer.py</a> in <strong>_eintr_retry</strong>(func=&lt;built-in function select&gt;, *args=([&lt;BaseHTTPServer.HTTPServer instance&gt;], [], [], 0.5))</td></tr>
<tr><td><font color="#909090"><tt>&nbsp;&nbsp;<small>&nbsp;&nbsp;153</small>&nbsp;&nbsp;&nbsp;&nbsp;&nbsp;while&nbsp;True:<br>
</tt></font></td></tr>
<tr><td><font color="#909090"><tt>&nbsp;&nbsp;<small>&nbsp;&nbsp;154</small>&nbsp;&nbsp;&nbsp;&nbsp;&nbsp;&nbsp;&nbsp;&nbsp;&nbsp;try:<br>
</tt></font></td></tr>
<tr><td bgcolor="#ffccee"><tt>=&gt;<small>&nbsp;&nbsp;155</small>&nbsp;&nbsp;&nbsp;&nbsp;&nbsp;&nbsp;&nbsp;&nbsp;&nbsp;&nbsp;&nbsp;&nbsp;&nbsp;return&nbsp;func(*args)<br>
</tt></td></tr>
<tr><td><font color="#909090"><tt>&nbsp;&nbsp;<small>&nbsp;&nbsp;156</small>&nbsp;&nbsp;&nbsp;&nbsp;&nbsp;&nbsp;&nbsp;&nbsp;&nbsp;except&nbsp;(OSError,&nbsp;select.error)&nbsp;as&nbsp;e:<br>
</tt></font></td></tr>
<tr><td><font color="#909090"><tt>&nbsp;&nbsp;<small>&nbsp;&nbsp;157</small>&nbsp;&nbsp;&nbsp;&nbsp;&nbsp;&nbsp;&nbsp;&nbsp;&nbsp;&nbsp;&nbsp;&nbsp;&nbsp;if&nbsp;e.args[0]&nbsp;!=&nbsp;errno.EINTR:<br>
</tt></font></td></tr>
<tr><td><small><font color="#909090"><strong>func</strong>&nbsp;= &lt;built-in function select&gt;, <strong>args</strong>&nbsp;= ([&lt;BaseHTTPServer.HTTPServer instance&gt;], [], [], 0.5)</font></small></td></tr></table><p><strong>&lt;type 'exceptions.KeyboardInterrupt'&gt;</strong>: 
<br><tt><small>&nbsp;&nbsp;&nbsp;&nbsp;&nbsp;</small>&nbsp;</tt>args&nbsp;=
()
<br><tt><small>&nbsp;&nbsp;&nbsp;&nbsp;&nbsp;</small>&nbsp;</tt>message&nbsp;=
''


<!-- The above is a description of an error in a Python program, formatted
     for a Web browser because the 'cgitb' module was enabled.  In case you
     are not reading this in a Web browser, here is the original traceback:

Traceback (most recent call last):
  File "./SimpleHTTPServerWithUpload.py", line 29, in &lt;module&gt;
    server.serve_forever()
  File "/System/Library/Frameworks/Python.framework/Versions/2.7/lib/python2.7/SocketServer.py", line 236, in serve_forever
    poll_interval)
  File "/System/Library/Frameworks/Python.framework/Versions/2.7/lib/python2.7/SocketServer.py", line 155, in _eintr_retry
    return func(*args)
KeyboardInterrupt

-->

127.0.0.1 - - [30/Jan/2015 16:33:46] "POST /swift.png HTTP/1.1" 200 -
web server on 8000..
Host: 127.0.0.1:8000
Content-Type: application/x-www-form-urlencoded
User-Agent: NSURLSessionUpload/1 CFNetwork/711.1.12 Darwin/14.1.0
Accept: */*
Accept-Language: en-us
Content-Length: 2849623
Accept-Encoding: gzip, deflate
Connection: keep-alive

2849623
<!--: spam
Content-Type: text/html

<body bgcolor="#f0f0f8"><font color="#f0f0f8" size="-5"> -->
<body bgcolor="#f0f0f8"><font color="#f0f0f8" size="-5"> --> -->
</font> </font> </font> </script> </object> </blockquote> </pre>
</table> </table> </table> </table> </table> </font> </font> </font><body bgcolor="#f0f0f8">
<table width="100%" cellspacing=0 cellpadding=2 border=0 summary="heading">
<tr bgcolor="#6622aa">
<td valign=bottom>&nbsp;<br>
<font color="#ffffff" face="helvetica, arial">&nbsp;<br><big><big><strong>&lt;type 'exceptions.KeyboardInterrupt'&gt;</strong></big></big></font></td
><td align=right valign=bottom
><font color="#ffffff" face="helvetica, arial">Python 2.7.6: /usr/bin/python<br>Fri Jan 30 16:36:42 2015</font></td></tr></table>
    
<p>A problem occurred in a Python script.  Here is the sequence of
function calls leading up to the error, in the order they occurred.</p>
<table width="100%" cellspacing=0 cellpadding=0 border=0>
<tr><td bgcolor="#d8bbff"><big>&nbsp;</big><a href="file:///Users/yashwanthbabu/Desktop/URLSessionUpload/SimpleHTTPServerWithUpload.py">/Users/yashwanthbabu/Desktop/URLSessionUpload/SimpleHTTPServerWithUpload.py</a> in <strong><module></strong>()</td></tr>
<tr><td><font color="#909090"><tt>&nbsp;&nbsp;<small>&nbsp;&nbsp;&nbsp;25</small>&nbsp;<br>
</tt></font></td></tr>
<tr><td><font color="#909090"><tt>&nbsp;&nbsp;<small>&nbsp;&nbsp;&nbsp;26</small>&nbsp;if&nbsp;__name__&nbsp;==&nbsp;'__main__':<br>
</tt></font></td></tr>
<tr><td><font color="#909090"><tt>&nbsp;&nbsp;<small>&nbsp;&nbsp;&nbsp;27</small>&nbsp;&nbsp;&nbsp;&nbsp;&nbsp;server&nbsp;=&nbsp;BaseHTTPServer.HTTPServer(("127.0.0.1",&nbsp;8000),&nbsp;Handler)<br>
</tt></font></td></tr>
<tr><td><font color="#909090"><tt>&nbsp;&nbsp;<small>&nbsp;&nbsp;&nbsp;28</small>&nbsp;&nbsp;&nbsp;&nbsp;&nbsp;print('web&nbsp;server&nbsp;on&nbsp;8000..')<br>
</tt></font></td></tr>
<tr><td bgcolor="#ffccee"><tt>=&gt;<small>&nbsp;&nbsp;&nbsp;29</small>&nbsp;&nbsp;&nbsp;&nbsp;&nbsp;server.serve_forever()<br>
</tt></td></tr>
<tr><td><small><font color="#909090"><strong>server</strong>&nbsp;= &lt;BaseHTTPServer.HTTPServer instance&gt;, server.<strong>serve_forever</strong>&nbsp;= &lt;bound method HTTPServer.serve_forever of &lt;BaseHTTPServer.HTTPServer instance&gt;&gt;</font></small></td></tr></table>
<table width="100%" cellspacing=0 cellpadding=0 border=0>
<tr><td bgcolor="#d8bbff"><big>&nbsp;</big><a href="file:///System/Library/Frameworks/Python.framework/Versions/2.7/lib/python2.7/SocketServer.py">/System/Library/Frameworks/Python.framework/Versions/2.7/lib/python2.7/SocketServer.py</a> in <strong>serve_forever</strong>(self=&lt;BaseHTTPServer.HTTPServer instance&gt;, poll_interval=0.5)</td></tr>
<tr><td><font color="#909090"><tt>&nbsp;&nbsp;<small>&nbsp;&nbsp;234</small>&nbsp;&nbsp;&nbsp;&nbsp;&nbsp;&nbsp;&nbsp;&nbsp;&nbsp;&nbsp;&nbsp;&nbsp;&nbsp;&nbsp;&nbsp;&nbsp;&nbsp;#&nbsp;shutdown&nbsp;request&nbsp;and&nbsp;wastes&nbsp;cpu&nbsp;at&nbsp;all&nbsp;other&nbsp;times.<br>
</tt></font></td></tr>
<tr><td><font color="#909090"><tt>&nbsp;&nbsp;<small>&nbsp;&nbsp;235</small>&nbsp;&nbsp;&nbsp;&nbsp;&nbsp;&nbsp;&nbsp;&nbsp;&nbsp;&nbsp;&nbsp;&nbsp;&nbsp;&nbsp;&nbsp;&nbsp;&nbsp;r,&nbsp;w,&nbsp;e&nbsp;=&nbsp;_eintr_retry(select.select,&nbsp;[self],&nbsp;[],&nbsp;[],<br>
</tt></font></td></tr>
<tr><td bgcolor="#ffccee"><tt>=&gt;<small>&nbsp;&nbsp;236</small>&nbsp;&nbsp;&nbsp;&nbsp;&nbsp;&nbsp;&nbsp;&nbsp;&nbsp;&nbsp;&nbsp;&nbsp;&nbsp;&nbsp;&nbsp;&nbsp;&nbsp;&nbsp;&nbsp;&nbsp;&nbsp;&nbsp;&nbsp;&nbsp;&nbsp;&nbsp;&nbsp;&nbsp;&nbsp;&nbsp;&nbsp;&nbsp;&nbsp;&nbsp;&nbsp;&nbsp;&nbsp;&nbsp;&nbsp;&nbsp;poll_interval)<br>
</tt></td></tr>
<tr><td><font color="#909090"><tt>&nbsp;&nbsp;<small>&nbsp;&nbsp;237</small>&nbsp;&nbsp;&nbsp;&nbsp;&nbsp;&nbsp;&nbsp;&nbsp;&nbsp;&nbsp;&nbsp;&nbsp;&nbsp;&nbsp;&nbsp;&nbsp;&nbsp;if&nbsp;self&nbsp;in&nbsp;r:<br>
</tt></font></td></tr>
<tr><td><font color="#909090"><tt>&nbsp;&nbsp;<small>&nbsp;&nbsp;238</small>&nbsp;&nbsp;&nbsp;&nbsp;&nbsp;&nbsp;&nbsp;&nbsp;&nbsp;&nbsp;&nbsp;&nbsp;&nbsp;&nbsp;&nbsp;&nbsp;&nbsp;&nbsp;&nbsp;&nbsp;&nbsp;self._handle_request_noblock()<br>
</tt></font></td></tr>
<tr><td><small><font color="#909090"><strong>poll_interval</strong>&nbsp;= 0.5</font></small></td></tr></table>
<table width="100%" cellspacing=0 cellpadding=0 border=0>
<tr><td bgcolor="#d8bbff"><big>&nbsp;</big><a href="file:///System/Library/Frameworks/Python.framework/Versions/2.7/lib/python2.7/SocketServer.py">/System/Library/Frameworks/Python.framework/Versions/2.7/lib/python2.7/SocketServer.py</a> in <strong>_eintr_retry</strong>(func=&lt;built-in function select&gt;, *args=([&lt;BaseHTTPServer.HTTPServer instance&gt;], [], [], 0.5))</td></tr>
<tr><td><font color="#909090"><tt>&nbsp;&nbsp;<small>&nbsp;&nbsp;153</small>&nbsp;&nbsp;&nbsp;&nbsp;&nbsp;while&nbsp;True:<br>
</tt></font></td></tr>
<tr><td><font color="#909090"><tt>&nbsp;&nbsp;<small>&nbsp;&nbsp;154</small>&nbsp;&nbsp;&nbsp;&nbsp;&nbsp;&nbsp;&nbsp;&nbsp;&nbsp;try:<br>
</tt></font></td></tr>
<tr><td bgcolor="#ffccee"><tt>=&gt;<small>&nbsp;&nbsp;155</small>&nbsp;&nbsp;&nbsp;&nbsp;&nbsp;&nbsp;&nbsp;&nbsp;&nbsp;&nbsp;&nbsp;&nbsp;&nbsp;return&nbsp;func(*args)<br>
</tt></td></tr>
<tr><td><font color="#909090"><tt>&nbsp;&nbsp;<small>&nbsp;&nbsp;156</small>&nbsp;&nbsp;&nbsp;&nbsp;&nbsp;&nbsp;&nbsp;&nbsp;&nbsp;except&nbsp;(OSError,&nbsp;select.error)&nbsp;as&nbsp;e:<br>
</tt></font></td></tr>
<tr><td><font color="#909090"><tt>&nbsp;&nbsp;<small>&nbsp;&nbsp;157</small>&nbsp;&nbsp;&nbsp;&nbsp;&nbsp;&nbsp;&nbsp;&nbsp;&nbsp;&nbsp;&nbsp;&nbsp;&nbsp;if&nbsp;e.args[0]&nbsp;!=&nbsp;errno.EINTR:<br>
</tt></font></td></tr>
<tr><td><small><font color="#909090"><strong>func</strong>&nbsp;= &lt;built-in function select&gt;, <strong>args</strong>&nbsp;= ([&lt;BaseHTTPServer.HTTPServer instance&gt;], [], [], 0.5)</font></small></td></tr></table><p><strong>&lt;type 'exceptions.KeyboardInterrupt'&gt;</strong>: 
<br><tt><small>&nbsp;&nbsp;&nbsp;&nbsp;&nbsp;</small>&nbsp;</tt>args&nbsp;=
()
<br><tt><small>&nbsp;&nbsp;&nbsp;&nbsp;&nbsp;</small>&nbsp;</tt>message&nbsp;=
''


<!-- The above is a description of an error in a Python program, formatted
     for a Web browser because the 'cgitb' module was enabled.  In case you
     are not reading this in a Web browser, here is the original traceback:

Traceback (most recent call last):
  File "./SimpleHTTPServerWithUpload.py", line 29, in &lt;module&gt;
    server.serve_forever()
  File "/System/Library/Frameworks/Python.framework/Versions/2.7/lib/python2.7/SocketServer.py", line 236, in serve_forever
    poll_interval)
  File "/System/Library/Frameworks/Python.framework/Versions/2.7/lib/python2.7/SocketServer.py", line 155, in _eintr_retry
    return func(*args)
KeyboardInterrupt

-->

